<?xml version="1.0" encoding="UTF-8"?>
<testng-results ignored="0" total="1" passed="1" failed="0" skipped="0">
  <reporter-output>
  </reporter-output>
  <suite started-at="2024-07-05T17:05:19 IST" name="Default suite" finished-at="2024-07-05T17:05:23 IST" duration-ms="4039">
    <groups>
    </groups>
    <test started-at="2024-07-05T17:05:19 IST" name="Default test" finished-at="2024-07-05T17:05:23 IST" duration-ms="4039">
      <class name="com.APITesting.JSONSchemaval">
        <test-method signature="testGet1()[pri:0, instance:com.APITesting.JSONSchemaval@1623b78d]" started-at="2024-07-05T17:05:19 IST" name="testGet1" finished-at="2024-07-05T17:05:23 IST" duration-ms="3970" status="PASS">
          <reporter-output>
          </reporter-output>
        </test-method> <!-- testGet1 -->
      </class> <!-- com.APITesting.JSONSchemaval -->
    </test> <!-- Default test -->
  </suite> <!-- Default suite -->
</testng-results>
