{
  "stats": {
    "suites": 10,
    "tests": 12,
    "passes": 11,
    "pending": 1,
    "failures": 0,
    "start": "2024-07-09T12:49:08.946Z",
    "end": "2024-07-09T12:49:09.521Z",
    "duration": 575,
    "testsRegistered": 12,
    "passPercent": 100,
    "pendingPercent": 8.333333333333332,
    "other": 0,
    "hasOther": false,
    "skipped": 0,
    "hasSkipped": false
  },
  "results": [
    {
      "uuid": "0b83ac85-480e-48c0-afe0-53487e5f6c18",
      "title": "",
      "fullFile": "",
      "file": "",
      "beforeHooks": [],
      "afterHooks": [],
      "tests": [
        {
          "title": "add(7,3) should return 10 ",
          "fullTitle": "add(7,3) should return 10 ",
          "timedOut": false,
          "duration": 1,
          "state": "passed",
          "speed": "fast",
          "pass": true,
          "fail": false,
          "pending": false,
          "context": null,
          "code": "console.log('one test')",
          "err": {},
          "uuid": "24b28f9b-f51a-434e-9761-d9006bf47d9a",
          "parentUUID": "0b83ac85-480e-48c0-afe0-53487e5f6c18",
          "isHook": false,
          "skipped": false
        }
      ],
      "suites": [
        {
          "uuid": "54b385e8-3bfa-411c-b87e-9b715a35060c",
          "title": "suite 1",
          "fullFile": "C:\\Users\\dhineshvaran.s\\Desktop\\mocha_chai\\test\\app.spec.js",
          "file": "\\test\\app.spec.js",
          "beforeHooks": [],
          "afterHooks": [],
          "tests": [
            {
              "title": "add(2,3) should return 5",
              "fullTitle": "suite 1 add(2,3) should return 5",
              "timedOut": false,
              "duration": 2,
              "state": "passed",
              "speed": "fast",
              "pass": true,
              "fail": false,
              "pending": false,
              "context": null,
              "code": "expect(add(2,3)).to.be.equal(5);",
              "err": {},
              "uuid": "4aacf8f3-7222-4cab-ba95-9b8608720266",
              "parentUUID": "54b385e8-3bfa-411c-b87e-9b715a35060c",
              "isHook": false,
              "skipped": false
            }
          ],
          "suites": [],
          "passes": [
            "4aacf8f3-7222-4cab-ba95-9b8608720266"
          ],
          "failures": [],
          "pending": [],
          "skipped": [],
          "duration": 2,
          "root": false,
          "rootEmpty": false,
          "_timeout": 2000
        },
        {
          "uuid": "0f01649f-254c-4ae8-a424-7a3ca4f68558",
          "title": "suite 2",
          "fullFile": "C:\\Users\\dhineshvaran.s\\Desktop\\mocha_chai\\test\\app.spec.js",
          "file": "\\test\\app.spec.js",
          "beforeHooks": [],
          "afterHooks": [],
          "tests": [
            {
              "title": "sub(88,33) should return 55",
              "fullTitle": "suite 2 sub(88,33) should return 55",
              "timedOut": false,
              "duration": 1,
              "state": "passed",
              "speed": "fast",
              "pass": true,
              "fail": false,
              "pending": false,
              "context": null,
              "code": "expect(sub(88,33)).to.be.equal(55);",
              "err": {},
              "uuid": "a044aa22-fcd0-47ca-bfe9-0e6c3afaca84",
              "parentUUID": "0f01649f-254c-4ae8-a424-7a3ca4f68558",
              "isHook": false,
              "skipped": false
            }
          ],
          "suites": [],
          "passes": [
            "a044aa22-fcd0-47ca-bfe9-0e6c3afaca84"
          ],
          "failures": [],
          "pending": [],
          "skipped": [],
          "duration": 1,
          "root": false,
          "rootEmpty": false,
          "_timeout": 2000
        },
        {
          "uuid": "c3f092ae-06a8-41bb-a00d-3e3720ad447c",
          "title": "suite 3",
          "fullFile": "C:\\Users\\dhineshvaran.s\\Desktop\\mocha_chai\\test\\app.spec.js",
          "file": "\\test\\app.spec.js",
          "beforeHooks": [],
          "afterHooks": [],
          "tests": [
            {
              "title": "mul(5,4) should return 20",
              "fullTitle": "suite 3 mul(5,4) should return 20",
              "timedOut": false,
              "duration": 18,
              "state": "passed",
              "speed": "fast",
              "pass": true,
              "fail": false,
              "pending": false,
              "context": null,
              "code": "expect(mul(5,4)).to.be.equal(20);",
              "err": {},
              "uuid": "13ddce3f-c556-4f4f-b258-6be3387501aa",
              "parentUUID": "c3f092ae-06a8-41bb-a00d-3e3720ad447c",
              "isHook": false,
              "skipped": false
            }
          ],
          "suites": [],
          "passes": [
            "13ddce3f-c556-4f4f-b258-6be3387501aa"
          ],
          "failures": [],
          "pending": [],
          "skipped": [],
          "duration": 18,
          "root": false,
          "rootEmpty": false,
          "_timeout": 2000
        },
        {
          "uuid": "b9f82f78-3995-4db3-953a-04450e9b0f2d",
          "title": "suite 5",
          "fullFile": "C:\\Users\\dhineshvaran.s\\Desktop\\mocha_chai\\test\\app1.spec.js",
          "file": "\\test\\app1.spec.js",
          "beforeHooks": [],
          "afterHooks": [],
          "tests": [
            {
              "title": "areaofcircle(2) should return 12.56  ",
              "fullTitle": "suite 5 areaofcircle(2) should return 12.56  ",
              "timedOut": false,
              "duration": 1,
              "state": "passed",
              "speed": "fast",
              "pass": true,
              "fail": false,
              "pending": false,
              "context": null,
              "code": "expect(areaofcircle(2)).to.be.equal(12.56);",
              "err": {},
              "uuid": "4e08f870-6d9b-49be-91b3-eb264d0ff663",
              "parentUUID": "b9f82f78-3995-4db3-953a-04450e9b0f2d",
              "isHook": false,
              "skipped": false
            }
          ],
          "suites": [],
          "passes": [
            "4e08f870-6d9b-49be-91b3-eb264d0ff663"
          ],
          "failures": [],
          "pending": [],
          "skipped": [],
          "duration": 1,
          "root": false,
          "rootEmpty": false,
          "_timeout": 2000
        },
        {
          "uuid": "421e8375-4573-46b1-93a9-cf29accddfd4",
          "title": "Test Suite 1",
          "fullFile": "C:\\Users\\dhineshvaran.s\\Desktop\\mocha_chai\\test\\async.app.spec.js",
          "file": "\\test\\async.app.spec.js",
          "beforeHooks": [],
          "afterHooks": [],
          "tests": [
            {
              "title": "promised based way ",
              "fullTitle": "Test Suite 1 promised based way ",
              "timedOut": false,
              "duration": 299,
              "state": "passed",
              "speed": "slow",
              "pass": true,
              "fail": false,
              "pending": false,
              "context": null,
              "code": "return axios.get('https://reqres.in/api/users?page=2').then(res=>{\n    expect(res.data.data[1].email).to.be.equal('lindsay.ferguson@reqres.in')\n    expect(res.data.data[1].id).to.be.equal(8)\n    expect(res.data.data[1].first_name).to.be.equal(\"Lindsay\")\n    expect(res.data.data[1].last_name).to.be.equal(\"Ferguson\")\n})",
              "err": {},
              "uuid": "dc04f230-6d4f-4b61-9af2-34cf501850c4",
              "parentUUID": "421e8375-4573-46b1-93a9-cf29accddfd4",
              "isHook": false,
              "skipped": false
            },
            {
              "title": "done based way ",
              "fullTitle": "Test Suite 1 done based way ",
              "timedOut": false,
              "duration": 35,
              "state": "passed",
              "speed": "fast",
              "pass": true,
              "fail": false,
              "pending": false,
              "context": null,
              "code": "axios.get('https://reqres.in/api/users?page=2').then(res=>{\n    expect(res.data.data[0].email).to.be.equal('michael.lawson@reqres.in')\ndone()\n\n    }).catch(err =>{\ndone(err)\n    })",
              "err": {},
              "uuid": "7e82429d-f7f0-4770-a072-a307563aef1e",
              "parentUUID": "421e8375-4573-46b1-93a9-cf29accddfd4",
              "isHook": false,
              "skipped": false
            },
            {
              "title": "async await based way ",
              "fullTitle": "Test Suite 1 async await based way ",
              "timedOut": false,
              "duration": 33,
              "state": "passed",
              "speed": "fast",
              "pass": true,
              "fail": false,
              "pending": false,
              "context": null,
              "code": "const res =await  axios.get('https://reqres.in/api/users?page=2')\n     expect(res.data.data[0].email).to.be.equal('michael.lawson@reqres.in')",
              "err": {},
              "uuid": "4218f55d-bf2b-4ccf-832c-93d692ddf077",
              "parentUUID": "421e8375-4573-46b1-93a9-cf29accddfd4",
              "isHook": false,
              "skipped": false
            }
          ],
          "suites": [],
          "passes": [
            "dc04f230-6d4f-4b61-9af2-34cf501850c4",
            "7e82429d-f7f0-4770-a072-a307563aef1e",
            "4218f55d-bf2b-4ccf-832c-93d692ddf077"
          ],
          "failures": [],
          "pending": [],
          "skipped": [],
          "duration": 367,
          "root": false,
          "rootEmpty": false,
          "_timeout": 2000
        },
        {
          "uuid": "7bb6d1ae-de28-41a2-a8d8-8f5fb6f9d797",
          "title": "suite 4",
          "fullFile": "C:\\Users\\dhineshvaran.s\\Desktop\\mocha_chai\\test\\hooks.spec.js",
          "file": "\\test\\hooks.spec.js",
          "beforeHooks": [
            {
              "title": "\"before all\" hook in \"suite 4\"",
              "fullTitle": "suite 4 \"before all\" hook in \"suite 4\"",
              "timedOut": false,
              "duration": 0,
              "state": null,
              "speed": null,
              "pass": false,
              "fail": false,
              "pending": false,
              "context": null,
              "code": "console.log('before')",
              "err": {},
              "uuid": "de7181a8-1694-4c70-80a4-78e1bf4e276b",
              "parentUUID": "7bb6d1ae-de28-41a2-a8d8-8f5fb6f9d797",
              "isHook": true,
              "skipped": false
            },
            {
              "title": "\"before each\" hook in \"suite 4\"",
              "fullTitle": "suite 4 \"before each\" hook in \"suite 4\"",
              "timedOut": false,
              "duration": 1,
              "state": null,
              "speed": null,
              "pass": false,
              "fail": false,
              "pending": false,
              "context": null,
              "code": "console.log('beforeeach')",
              "err": {},
              "uuid": "670bf524-5e57-475d-8f13-87c07343f3e8",
              "parentUUID": "7bb6d1ae-de28-41a2-a8d8-8f5fb6f9d797",
              "isHook": true,
              "skipped": false
            }
          ],
          "afterHooks": [
            {
              "title": "\"after all\" hook in \"suite 4\"",
              "fullTitle": "suite 4 \"after all\" hook in \"suite 4\"",
              "timedOut": false,
              "duration": 0,
              "state": null,
              "speed": null,
              "pass": false,
              "fail": false,
              "pending": false,
              "context": null,
              "code": "console.log('after')",
              "err": {},
              "uuid": "508b1969-dc36-4d97-b933-ec36b1428f10",
              "parentUUID": "7bb6d1ae-de28-41a2-a8d8-8f5fb6f9d797",
              "isHook": true,
              "skipped": false
            },
            {
              "title": "\"after each\" hook in \"suite 4\"",
              "fullTitle": "suite 4 \"after each\" hook in \"suite 4\"",
              "timedOut": false,
              "duration": 0,
              "state": null,
              "speed": null,
              "pass": false,
              "fail": false,
              "pending": false,
              "context": null,
              "code": "console.log('aftereach')",
              "err": {},
              "uuid": "f9e302c2-e791-49e8-8603-de133d51f446",
              "parentUUID": "7bb6d1ae-de28-41a2-a8d8-8f5fb6f9d797",
              "isHook": true,
              "skipped": false
            }
          ],
          "tests": [],
          "suites": [
            {
              "uuid": "c2d05dc9-b273-4d6b-a993-ddfef64a00b7",
              "title": "suite 1",
              "fullFile": "C:\\Users\\dhineshvaran.s\\Desktop\\mocha_chai\\test\\hooks.spec.js",
              "file": "\\test\\hooks.spec.js",
              "beforeHooks": [],
              "afterHooks": [],
              "tests": [
                {
                  "title": "add(2,3) should return 5",
                  "fullTitle": "suite 4 suite 1 add(2,3) should return 5",
                  "timedOut": false,
                  "duration": 0,
                  "state": "passed",
                  "speed": "fast",
                  "pass": true,
                  "fail": false,
                  "pending": false,
                  "context": null,
                  "code": "expect(add(2,3)).to.be.equal(5);",
                  "err": {},
                  "uuid": "834502ea-5873-4941-b892-5383ea903e79",
                  "parentUUID": "c2d05dc9-b273-4d6b-a993-ddfef64a00b7",
                  "isHook": false,
                  "skipped": false
                }
              ],
              "suites": [],
              "passes": [
                "834502ea-5873-4941-b892-5383ea903e79"
              ],
              "failures": [],
              "pending": [],
              "skipped": [],
              "duration": 0,
              "root": false,
              "rootEmpty": false,
              "_timeout": 2000
            }
          ],
          "passes": [],
          "failures": [],
          "pending": [],
          "skipped": [],
          "duration": 0,
          "root": false,
          "rootEmpty": false,
          "_timeout": 2000
        },
        {
          "uuid": "9e00d3d0-e338-43e6-a41f-d93ff7f837d9",
          "title": "Test Suite 1",
          "fullFile": "C:\\Users\\dhineshvaran.s\\Desktop\\mocha_chai\\test\\retry.spec.js",
          "file": "\\test\\retry.spec.js",
          "beforeHooks": [],
          "afterHooks": [],
          "tests": [
            {
              "title": "promised based way",
              "fullTitle": "Test Suite 1 promised based way",
              "timedOut": false,
              "duration": 45,
              "state": "passed",
              "speed": "fast",
              "pass": true,
              "fail": false,
              "pending": false,
              "context": null,
              "code": "this.retries(2);\n\n    return axios.get('https://reqres.in/api/users?page=2').then(res => {\nexpect(res.data.data[1].email).to.equal('lindsay.ferguson@reqres.in');\n    })\n       \n    .catch(err => {\nconsole.error('Error during test:', err);\nthrow err;\n    });",
              "err": {},
              "uuid": "67b96785-e5e1-427a-95ba-c8756ae5b2b1",
              "parentUUID": "9e00d3d0-e338-43e6-a41f-d93ff7f837d9",
              "isHook": false,
              "skipped": false
            }
          ],
          "suites": [],
          "passes": [
            "67b96785-e5e1-427a-95ba-c8756ae5b2b1"
          ],
          "failures": [],
          "pending": [],
          "skipped": [],
          "duration": 45,
          "root": false,
          "rootEmpty": false,
          "_timeout": 2000
        },
        {
          "uuid": "f1dd315f-6b43-41ab-8680-29a96c7f5b4d",
          "title": "Test Suite 1",
          "fullFile": "C:\\Users\\dhineshvaran.s\\Desktop\\mocha_chai\\test\\skip.spec.js",
          "file": "\\test\\skip.spec.js",
          "beforeHooks": [],
          "afterHooks": [],
          "tests": [
            {
              "title": "promised based way",
              "fullTitle": "Test Suite 1 promised based way",
              "timedOut": false,
              "duration": 0,
              "state": "pending",
              "speed": null,
              "pass": false,
              "fail": false,
              "pending": true,
              "context": null,
              "code": "",
              "err": {},
              "uuid": "95c6cc0f-4fbc-4ad8-9ad7-de3db4c1f82f",
              "parentUUID": "f1dd315f-6b43-41ab-8680-29a96c7f5b4d",
              "isHook": false,
              "skipped": false
            }
          ],
          "suites": [],
          "passes": [],
          "failures": [],
          "pending": [
            "95c6cc0f-4fbc-4ad8-9ad7-de3db4c1f82f"
          ],
          "skipped": [],
          "duration": 0,
          "root": false,
          "rootEmpty": false,
          "_timeout": 2000
        },
        {
          "uuid": "6bcd68da-9905-4802-92ac-4c99c16ef76a",
          "title": "TDD hooks",
          "fullFile": "C:\\Users\\dhineshvaran.s\\Desktop\\mocha_chai\\test\\tddhooks.spec.js",
          "file": "\\test\\tddhooks.spec.js",
          "beforeHooks": [
            {
              "title": "\"before all\" hook",
              "fullTitle": "TDD hooks \"before all\" hook",
              "timedOut": false,
              "duration": 0,
              "state": null,
              "speed": null,
              "pass": false,
              "fail": false,
              "pending": false,
              "context": null,
              "code": "console.log('one suitesetup')",
              "err": {},
              "uuid": "9d99dbef-a28b-4a09-aff5-024fd44dc6d9",
              "parentUUID": null,
              "isHook": true,
              "skipped": false
            },
            {
              "title": "\"before each\" hook",
              "fullTitle": "TDD hooks \"before each\" hook",
              "timedOut": false,
              "duration": 0,
              "state": null,
              "speed": null,
              "pass": false,
              "fail": false,
              "pending": false,
              "context": null,
              "code": "console.log('one setup')",
              "err": {},
              "uuid": "3b5c10da-e6c3-49d1-aa16-55333c104d02",
              "parentUUID": null,
              "isHook": true,
              "skipped": false
            }
          ],
          "afterHooks": [
            {
              "title": "\"after all\" hook",
              "fullTitle": "TDD hooks \"after all\" hook",
              "timedOut": false,
              "duration": 0,
              "state": null,
              "speed": null,
              "pass": false,
              "fail": false,
              "pending": false,
              "context": null,
              "code": "console.log('one suiteTeardown')",
              "err": {},
              "uuid": "597bd4f6-93fc-4cae-95a4-0893300a5da2",
              "parentUUID": null,
              "isHook": true,
              "skipped": false
            },
            {
              "title": "\"after each\" hook",
              "fullTitle": "TDD hooks \"after each\" hook",
              "timedOut": false,
              "duration": 0,
              "state": null,
              "speed": null,
              "pass": false,
              "fail": false,
              "pending": false,
              "context": null,
              "code": "console.log('one teardown')",
              "err": {},
              "uuid": "48cd2486-e814-4bdf-ae37-0dbc8ce6a794",
              "parentUUID": null,
              "isHook": true,
              "skipped": false
            }
          ],
          "tests": [],
          "suites": [],
          "passes": [],
          "failures": [],
          "pending": [],
          "skipped": [],
          "duration": 0,
          "root": false,
          "rootEmpty": false,
          "_timeout": 2000
        },
        {
          "uuid": "e90b8659-e5bb-4e47-bc32-c48ffee8829c",
          "title": "Test Suite 1",
          "fullFile": "C:\\Users\\dhineshvaran.s\\Desktop\\mocha_chai\\test\\timeout.spec.js",
          "file": "\\test\\timeout.spec.js",
          "beforeHooks": [],
          "afterHooks": [],
          "tests": [
            {
              "title": "promised based way",
              "fullTitle": "Test Suite 1 promised based way",
              "timedOut": false,
              "duration": 38,
              "state": "passed",
              "speed": "fast",
              "pass": true,
              "fail": false,
              "pending": false,
              "context": null,
              "code": "this.timeout(200);\n  \n    return axios.get('https://reqres.in/api/users?page=2').then(res => {\nexpect(res.data.data[1].email).to.equal('lindsay.ferguson@reqres.in');\n    })\n       \n    .catch(err => {\nconsole.error('Error during test:', err);\nthrow err;\n    });",
              "err": {},
              "uuid": "89cb90cc-6747-42be-941d-2fcb76070de8",
              "parentUUID": "e90b8659-e5bb-4e47-bc32-c48ffee8829c",
              "isHook": false,
              "skipped": false
            }
          ],
          "suites": [],
          "passes": [
            "89cb90cc-6747-42be-941d-2fcb76070de8"
          ],
          "failures": [],
          "pending": [],
          "skipped": [],
          "duration": 38,
          "root": false,
          "rootEmpty": false,
          "_timeout": 2000
        }
      ],
      "passes": [
        "24b28f9b-f51a-434e-9761-d9006bf47d9a"
      ],
      "failures": [],
      "pending": [],
      "skipped": [],
      "duration": 1,
      "root": true,
      "rootEmpty": false,
      "_timeout": 2000
    }
  ],
  "meta": {
    "mocha": {
      "version": "10.6.0"
    },
    "mochawesome": {
      "options": {
        "quiet": false,
        "reportFilename": "mochawesome",
        "saveHtml": true,
        "saveJson": true,
        "consoleReporter": "spec",
        "useInlineDiffs": false,
        "code": true
      },
      "version": "7.1.3"
    },
    "marge": {
      "options": {
        "reportDir": "Report",
        "reopenFilename": "Test_Report"
      },
      "version": "6.2.0"
    }
  }
}